<?xml version="1.0" encoding="UTF-8"?>
<!-- Generated by org.testng.reporters.JUnitReportReporter -->
<testsuite hostname="SAKSOFT099PDC" failures="0" tests="4" name="com.selenium.pageobject_test.Calculator_Test" time="15.182" errors="0" timestamp="2021-06-26T13:48:58 IST" skipped="0">
  <testcase classname="com.selenium.pageobject_test.Calculator_Test" name="addOperation" time="4.647"/>
  <system-out>
    <![CDATA[Test Case Passed : addOperation]]>
  </system-out>
  <testcase classname="com.selenium.pageobject_test.Calculator_Test" name="subOperation" time="3.470"/>
  <system-out>
    <![CDATA[Test Case Passed : subOperation]]>
  </system-out>
  <testcase classname="com.selenium.pageobject_test.Calculator_Test" name="divOperation" time="3.512"/>
  <system-out>
    <![CDATA[Test Case Passed : divOperation]]>
  </system-out>
  <testcase classname="com.selenium.pageobject_test.Calculator_Test" name="mulOperation" time="3.553"/>
  <system-out>
    <![CDATA[Test Case Passed : mulOperation]]>
  </system-out>
</testsuite> <!-- com.selenium.pageobject_test.Calculator_Test -->
