<?xml version="1.0" encoding="UTF-8"?>
<!-- Generated by org.testng.reporters.JUnitReportReporter -->
<testsuite hostname="SAKSOFT099PDC" failures="0" tests="2" name="com.selenium.pageobject_test.FixedDeposit_Test2" time="15.437" errors="0" timestamp="2021-06-22T17:44:24 IST" skipped="0">
  <testcase classname="com.selenium.pageobject_test.FixedDeposit_Test2" name="fd_10000" time="9.282"/>
  <system-out/>
  <testcase classname="com.selenium.pageobject_test.FixedDeposit_Test2" name="fd_20000" time="6.155"/>
  <system-out/>
</testsuite> <!-- com.selenium.pageobject_test.FixedDeposit_Test2 -->
