<?xml version="1.0" encoding="UTF-8"?>
<!-- Generated by org.testng.reporters.JUnitReportReporter -->
<testsuite hostname="SAKSOFT099PDC" failures="0" tests="1" name="com.selenium.pageobject_test.FixedDeposit_DataDriven" time="27.915" errors="0" timestamp="2021-06-27T12:31:15 IST" skipped="0">
  <testcase classname="com.selenium.pageobject_test.FixedDeposit_DataDriven" name="fd_DataDriven" time="27.915"/>
  <system-out/>
</testsuite> <!-- com.selenium.pageobject_test.FixedDeposit_DataDriven -->
