<?xml version="1.0" encoding="UTF-8"?>
<!-- Generated by org.testng.reporters.JUnitReportReporter -->
<testsuite hostname="SAKSOFT099PDC" failures="0" tests="4" name="com.selenium.testng.CrossBrowserTest" time="35.473" errors="0" timestamp="2021-06-06T11:44:52 IST" skipped="0">
  <testcase classname="com.selenium.testng.CrossBrowserTest" name="chromeBrowser" time="7.827"/>
  <system-out/>
  <testcase classname="com.selenium.testng.CrossBrowserTest" name="firefoxBrowser" time="13.281"/>
  <system-out/>
  <testcase classname="com.selenium.testng.CrossBrowserTest" name="edgeBrowser" time="8.728"/>
  <system-out/>
  <testcase classname="com.selenium.testng.CrossBrowserTest" name="ieBrowser" time="5.637"/>
  <system-out/>
</testsuite> <!-- com.selenium.testng.CrossBrowserTest -->
