<?xml version="1.0" encoding="UTF-8"?>
<!-- Generated by org.testng.reporters.JUnitReportReporter -->
<testsuite hostname="SAKSOFT099PDC" failures="0" tests="2" name="com.selenium.testng.HardAssertCode" time="6.071" errors="0" timestamp="2021-06-05T12:37:54 IST" skipped="0">
  <testcase classname="com.selenium.testng.HardAssertCode" name="adminLogin" time="5.083"/>
  <system-out/>
  <testcase classname="com.selenium.testng.HardAssertCode" name="adminLogout" time="0.988"/>
  <system-out/>
</testsuite> <!-- com.selenium.testng.HardAssertCode -->
