<?xml version="1.0" encoding="UTF-8"?>
<!-- Generated by org.testng.reporters.JUnitReportReporter -->
<testsuite hostname="SAKSOFT099PDC" failures="0" tests="1" name="com.selenium.webobject.Code_For_Screenshot_10" time="7.232" errors="0" timestamp="2021-06-19T13:09:05 IST" skipped="0">
  <testcase classname="com.selenium.webobject.Code_For_Screenshot_10" name="Code_For_Screenshot" time="7.232"/>
  <system-out/>
</testsuite> <!-- com.selenium.webobject.Code_For_Screenshot_10 -->
