<?xml version="1.0" encoding="UTF-8"?>
<!-- Generated by org.testng.reporters.JUnitReportReporter -->
<testsuite hostname="SAKSOFT099PDC" failures="0" tests="4" name="com.selenium.testng.BasicWebObject" time="8.644" errors="0" timestamp="2021-06-13T11:39:07 IST" skipped="0">
  <testcase classname="com.selenium.testng.BasicWebObject" name="handleTextBox" time="5.979"/>
  <system-out/>
  <testcase classname="com.selenium.testng.BasicWebObject" name="handleRadioButton" time="0.123"/>
  <system-out/>
  <testcase classname="com.selenium.testng.BasicWebObject" name="handlecheckBox" time="2.363"/>
  <system-out/>
  <testcase classname="com.selenium.testng.BasicWebObject" name="handleDropDown" time="0.179"/>
  <system-out/>
</testsuite> <!-- com.selenium.testng.BasicWebObject -->
