<?xml version="1.0" encoding="UTF-8"?>
<!-- Generated by org.testng.reporters.JUnitReportReporter -->
<testsuite hostname="SAKSOFT099PDC" failures="0" tests="2" name="com.selenium.pageobject_test.FixedDeposit_Test3" time="27.570" errors="0" timestamp="2021-06-22T18:51:51 IST" skipped="0">
  <testcase classname="com.selenium.pageobject_test.FixedDeposit_Test3" name="fd_10000" time="21.042"/>
  <system-out/>
  <testcase classname="com.selenium.pageobject_test.FixedDeposit_Test3" name="fd_20000" time="6.528"/>
  <system-out/>
</testsuite> <!-- com.selenium.pageobject_test.FixedDeposit_Test3 -->
