<?xml version="1.0" encoding="UTF-8"?>
<!-- Generated by org.testng.reporters.JUnitReportReporter -->
<testsuite hostname="SAKSOFT099PDC" failures="0" tests="3" name="com.selenium.pageobject_test.FixedDeposit_TestNG" time="21.139" errors="0" timestamp="2021-06-27T13:17:07 IST" skipped="0">
  <testcase classname="com.selenium.pageobject_test.FixedDeposit_TestNG" name="fd" time="9.036"/>
  <system-out/>
  <testcase classname="com.selenium.pageobject_test.FixedDeposit_TestNG" name="fd" time="6.253"/>
  <system-out/>
  <testcase classname="com.selenium.pageobject_test.FixedDeposit_TestNG" name="fd" time="5.850"/>
  <system-out/>
</testsuite> <!-- com.selenium.pageobject_test.FixedDeposit_TestNG -->
