<?xml version="1.0" encoding="UTF-8"?>
<!-- Generated by org.testng.reporters.JUnitReportReporter -->
<testsuite hostname="SAKSOFT099PDC" failures="0" tests="1" name="com.selenium.testng.TestYouLogin" time="10.445" errors="0" timestamp="2021-05-30T13:50:28 IST" skipped="0">
  <testcase classname="com.selenium.testng.TestYouLogin" name="testYouLogin" time="10.445"/>
  <system-out/>
</testsuite> <!-- com.selenium.testng.TestYouLogin -->
