<?xml version="1.0" encoding="UTF-8"?>
<!-- Generated by org.testng.reporters.JUnitReportReporter -->
<testsuite hostname="SAKSOFT099PDC" failures="0" tests="2" name="com.selenium.webobject.Code_For_WindowTab_8" time="18.910" errors="0" timestamp="2021-06-19T12:32:03 IST" skipped="0">
  <testcase classname="com.selenium.webobject.Code_For_WindowTab_8" name="Tab" time="0.010"/>
  <system-out/>
  <testcase classname="com.selenium.webobject.Code_For_WindowTab_8" name="tabFlipkart" time="18.900"/>
  <system-out/>
</testsuite> <!-- com.selenium.webobject.Code_For_WindowTab_8 -->
