<?xml version="1.0" encoding="UTF-8"?>
<!-- Generated by org.testng.reporters.JUnitReportReporter -->
<testsuite hostname="SAKSOFT099PDC" failures="0" tests="2" name="com.selenium.pageobject_test.FixedDeposit_Test_ExtentReport" time="20.975" errors="0" timestamp="2021-06-26T13:29:21 IST" skipped="0">
  <testcase classname="com.selenium.pageobject_test.FixedDeposit_Test_ExtentReport" name="fd_10000" time="12.295"/>
  <system-out>
    <![CDATA[Test Case Passed : fd_10000]]>
  </system-out>
  <testcase classname="com.selenium.pageobject_test.FixedDeposit_Test_ExtentReport" name="fd_40000" time="8.680"/>
  <system-out>
    <![CDATA[Test Case Passed : fd_40000]]>
  </system-out>
</testsuite> <!-- com.selenium.pageobject_test.FixedDeposit_Test_ExtentReport -->
