<?xml version="1.0" encoding="UTF-8"?>
<!-- Generated by org.testng.reporters.JUnitReportReporter -->
<testsuite hostname="SAKSOFT099PDC" failures="0" tests="4" name="com.selenium.testng.CrossBrowserTest_WebDriverManager" time="36.523" errors="0" timestamp="2021-06-06T12:42:02 IST" skipped="0">
  <testcase classname="com.selenium.testng.CrossBrowserTest_WebDriverManager" name="chromeBrowser" time="7.936"/>
  <system-out/>
  <testcase classname="com.selenium.testng.CrossBrowserTest_WebDriverManager" name="firefoxBrowser" time="12.945"/>
  <system-out/>
  <testcase classname="com.selenium.testng.CrossBrowserTest_WebDriverManager" name="edgeBrowser" time="7.929"/>
  <system-out/>
  <testcase classname="com.selenium.testng.CrossBrowserTest_WebDriverManager" name="ieBrowser" time="7.713"/>
  <system-out/>
</testsuite> <!-- com.selenium.testng.CrossBrowserTest_WebDriverManager -->
