<?xml version="1.0" encoding="UTF-8"?>
<!-- Generated by org.testng.reporters.JUnitReportReporter -->
<testsuite hostname="SAKSOFT099PDC" failures="0" tests="1" name="com.selenium.webobject.Code_For_Alert_2" time="14.913" errors="0" timestamp="2021-06-21T18:32:49 IST" skipped="0">
  <testcase classname="com.selenium.webobject.Code_For_Alert_2" name="Code_For_Alert_Test" time="14.913"/>
  <system-out/>
</testsuite> <!-- com.selenium.webobject.Code_For_Alert_2 -->
