<?xml version="1.0" encoding="UTF-8"?>
<!-- Generated by org.testng.reporters.JUnitReportReporter -->
<testsuite hostname="SAKSOFT099PDC" failures="0" tests="1" name="com.selenium.webobject.Code_For_CountElements_1" time="9.451" errors="0" timestamp="2021-06-13T12:35:32 IST" skipped="0">
  <testcase classname="com.selenium.webobject.Code_For_CountElements_1" name="CountWebElement" time="9.451"/>
  <system-out/>
</testsuite> <!-- com.selenium.webobject.Code_For_CountElements_1 -->
