<?xml version="1.0" encoding="UTF-8"?>
<!-- Generated by org.testng.reporters.JUnitReportReporter -->
<testsuite hostname="SAKSOFT099PDC" failures="0" tests="1" name="com.selenium.webobject.Code_For_navigate_4" time="26.239" errors="0" timestamp="2021-06-26T12:59:02 IST" skipped="0">
  <testcase classname="com.selenium.webobject.Code_For_navigate_4" name="Code_For_navigate" time="26.239"/>
  <system-out>
    <![CDATA[Before Navigate : https://www.selenium.dev/
After Navigate : https://www.selenium.dev/
Navigate before Back event !!!
Navigate after back event !!!
Navigate before forward event !!!
Navigate after forward event !!!
Navigate before Back event !!!
Navigate after back event !!!]]>
  </system-out>
</testsuite> <!-- com.selenium.webobject.Code_For_navigate_4 -->
