<?xml version="1.0" encoding="UTF-8"?>
<!-- Generated by org.testng.reporters.JUnitReportReporter -->
<testsuite hostname="SAKSOFT099PDC" failures="0" tests="1" name="com.selenium.webobject.Code_For_WindowSize_5" time="5.211" errors="0" timestamp="2021-06-13T13:36:25 IST" skipped="0">
  <testcase classname="com.selenium.webobject.Code_For_WindowSize_5" name="Code_For_WindowSize" time="5.211"/>
  <system-out/>
</testsuite> <!-- com.selenium.webobject.Code_For_WindowSize_5 -->
