<?xml version="1.0" encoding="UTF-8"?>
<!-- Generated by org.testng.reporters.JUnitReportReporter -->
<testsuite hostname="SAKSOFT099PDC" failures="0" tests="2" name="com.selenium.testng.SoftAssertCode" time="6.390" errors="0" timestamp="2021-06-05T13:24:22 IST" skipped="0">
  <testcase classname="com.selenium.testng.SoftAssertCode" name="adminLogin" time="5.455"/>
  <system-out/>
  <testcase classname="com.selenium.testng.SoftAssertCode" name="adminLogout" time="0.935"/>
  <system-out/>
</testsuite> <!-- com.selenium.testng.SoftAssertCode -->
