<?xml version="1.0" encoding="UTF-8"?>
<!-- Generated by org.testng.reporters.JUnitReportReporter -->
<testsuite hostname="SAKSOFT099PDC" failures="0" tests="1" name="com.basiccode.test.PratiseCode8" time="14.104" errors="0" timestamp="2021-06-21T13:27:26 IST" skipped="0">
  <testcase classname="com.basiccode.test.PratiseCode8" name="request1" time="14.104"/>
  <system-out/>
</testsuite> <!-- com.basiccode.test.PratiseCode8 -->
