<?xml version="1.0" encoding="UTF-8"?>
<!-- Generated by org.testng.reporters.JUnitReportReporter -->
<testsuite hostname="SAKSOFT099PDC" failures="0" tests="6" name="com.selenium.testng.MutualLogin" time="18.877" errors="0" timestamp="2021-06-05T11:46:54 IST" skipped="2">
  <testcase classname="com.selenium.testng.MutualLogin" name="loginAdmin" time="6.209"/>
  <system-out/>
  <testcase classname="com.selenium.testng.MutualLogin" name="loginAdmin" time="4.037"/>
  <system-out/>
  <testcase classname="com.selenium.testng.MutualLogin" name="loginAdmin" time="4.412"/>
  <system-out/>
  <testcase classname="com.selenium.testng.MutualLogin" name="loginSpeed" time="4.219"/>
  <system-out/>
  <testcase classname="com.selenium.testng.MutualLogin" name="loginTestUser">
    <skipped/>
  </testcase> <!-- loginTestUser -->
  <system-out/>
  <testcase classname="com.selenium.testng.MutualLogin" name="loginJsmith">
    <skipped/>
  </testcase> <!-- loginJsmith -->
  <system-out/>
</testsuite> <!-- com.selenium.testng.MutualLogin -->
