<?xml version="1.0" encoding="UTF-8"?>
<!-- Generated by org.testng.reporters.JUnitReportReporter -->
<testsuite hostname="SAKSOFT099PDC" failures="0" tests="2" name="com.selenium.pageobject_test.FixedDeposit_Test" time="14.426" errors="0" timestamp="2021-07-11T11:38:59 IST" skipped="0">
  <testcase classname="com.selenium.pageobject_test.FixedDeposit_Test" name="fd_10000" time="9.635"/>
  <system-out>
    <![CDATA[Test Case Passed : fd_10000]]>
  </system-out>
  <testcase classname="com.selenium.pageobject_test.FixedDeposit_Test" name="fd_40000" time="4.791"/>
  <system-out>
    <![CDATA[Test Case Passed : fd_40000]]>
  </system-out>
</testsuite> <!-- com.selenium.pageobject_test.FixedDeposit_Test -->
