<?xml version="1.0" encoding="UTF-8"?>
<!-- Generated by org.testng.reporters.JUnitReportReporter -->
<testsuite hostname="SAKSOFT099PDC" failures="0" tests="2" name="com.selenium.pageobject_test.FixedDeposit_Test" time="15.979" errors="0" timestamp="2021-07-17T10:19:01 IST" skipped="0">
  <testcase classname="com.selenium.pageobject_test.FixedDeposit_Test" name="fd_10000" time="9.479"/>
  <system-out>
    <![CDATA[Test Case Passed : fd_10000]]>
  </system-out>
  <testcase classname="com.selenium.pageobject_test.FixedDeposit_Test" name="fd_40000" time="6.500"/>
  <system-out>
    <![CDATA[Test Case Passed : fd_40000]]>
  </system-out>
</testsuite> <!-- com.selenium.pageobject_test.FixedDeposit_Test -->
