<?xml version="1.0" encoding="UTF-8"?>
<!-- Generated by org.testng.reporters.JUnitReportReporter -->
<testsuite hostname="SAKSOFT099PDC" failures="0" tests="4" name="com.selenium.pageobject_test.Calculator_Test" time="15.032" errors="0" timestamp="2021-07-11T11:38:59 IST" skipped="0">
  <testcase classname="com.selenium.pageobject_test.Calculator_Test" name="addOperation" time="4.575"/>
  <system-out>
    <![CDATA[Test Case Passed : addOperation]]>
  </system-out>
  <testcase classname="com.selenium.pageobject_test.Calculator_Test" name="subOperation" time="3.465"/>
  <system-out>
    <![CDATA[Test Case Passed : subOperation]]>
  </system-out>
  <testcase classname="com.selenium.pageobject_test.Calculator_Test" name="divOperation" time="3.556"/>
  <system-out>
    <![CDATA[Test Case Passed : divOperation]]>
  </system-out>
  <testcase classname="com.selenium.pageobject_test.Calculator_Test" name="mulOperation" time="3.436"/>
  <system-out>
    <![CDATA[Test Case Passed : mulOperation]]>
  </system-out>
</testsuite> <!-- com.selenium.pageobject_test.Calculator_Test -->
